<?xml version="1.0" encoding="UTF-8"?>
<testsuite xmlns:xsi="http://www.w3.org/2001/XMLSchema-instance" xsi:noNamespaceSchemaLocation="https://maven.apache.org/surefire/maven-surefire-plugin/xsd/surefire-test-report-3.0.xsd" version="3.0" name="nlp.process.FileSplitterTest" time="0.106" tests="5" errors="0" skipped="0" failures="0">
  <properties>
[...]
</properties>
  <testcase name="testInvalidJson" classname="nlp.process.FileSplitterTest" time="0.066">
    <system-out><![CDATA[[00:09:27] Updated results in: /var/folders/w2/h8htkrt90yg3c6y_36f_q40r0000gn/T/junit2794273305487964847/test_output.txt and appended to /var/folders/w2/h8htkrt90yg3c6y_36f_q40r0000gn/T/junit2794273305487964847/test_all_sentences.txt
]]></system-out>
    <system-err><![CDATA[Error processing line: invalid json
]]></system-err>
  </testcase>
  <testcase name="testProcessSingleEntry" classname="nlp.process.FileSplitterTest" time="0.009">
    <system-out><![CDATA[[00:09:27] Updated results in: /var/folders/w2/h8htkrt90yg3c6y_36f_q40r0000gn/T/junit16194396841233765424/test_output.txt and appended to /var/folders/w2/h8htkrt90yg3c6y_36f_q40r0000gn/T/junit16194396841233765424/test_all_sentences.txt
]]></system-out>
  </testcase>
  <testcase name="testAppendToAllSentences" classname="nlp.process.FileSplitterTest" time="0.003">
    <system-out><![CDATA[[00:09:27] Updated results in: /var/folders/w2/h8htkrt90yg3c6y_36f_q40r0000gn/T/junit7566736268006131757/test_output.txt and appended to /var/folders/w2/h8htkrt90yg3c6y_36f_q40r0000gn/T/junit7566736268006131757/test_all_sentences.txt
[00:09:27] Updated results in: /var/folders/w2/h8htkrt90yg3c6y_36f_q40r0000gn/T/junit7566736268006131757/test_output.txt and appended to /var/folders/w2/h8htkrt90yg3c6y_36f_q40r0000gn/T/junit7566736268006131757/test_all_sentences.txt
]]></system-out>
  </testcase>
  <testcase name="testProcessMultipleEntries" classname="nlp.process.FileSplitterTest" time="0.005">
    <system-out><![CDATA[[00:09:27] Updated results in: /var/folders/w2/h8htkrt90yg3c6y_36f_q40r0000gn/T/junit13086568013442859357/test_output.txt and appended to /var/folders/w2/h8htkrt90yg3c6y_36f_q40r0000gn/T/junit13086568013442859357/test_all_sentences.txt
]]></system-out>
  </testcase>
  <testcase name="testProcessEmptyFile" classname="nlp.process.FileSplitterTest" time="0.002">
    <system-out><![CDATA[[00:09:27] Updated results in: /var/folders/w2/h8htkrt90yg3c6y_36f_q40r0000gn/T/junit7244450568480323410/test_output.txt and appended to /var/folders/w2/h8htkrt90yg3c6y_36f_q40r0000gn/T/junit7244450568480323410/test_all_sentences.txt
]]></system-out>
  </testcase>
</testsuite>